<?xml version="1.0" encoding="UTF-8"?>
<testng-results skipped="0" failed="10" ignored="0" total="10" passed="0">
  <reporter-output>
  </reporter-output>
  <suite name="Test-class Suite" duration-ms="115767" started-at="2019-09-13T12:45:20Z" finished-at="2019-09-13T12:47:15Z">
    <groups>
    </groups>
    <test name="Test2" duration-ms="89227" started-at="2019-09-13T12:45:20Z" finished-at="2019-09-13T12:46:49Z">
      <class name="com.atmecs.phptravels.tests.PhpTravels_signUp">
        <test-method status="PASS" signature="initializeBrowser(java.lang.String)[pri:0, instance:com.atmecs.phptravels.tests.PhpTravels_signUp@50b494a6]" name="initializeBrowser" is-config="true" duration-ms="14269" started-at="2019-09-13T12:45:21Z" finished-at="2019-09-13T12:45:35Z">
          <params>
            <param index="0">
              <value>
                <![CDATA[firefox]]>
              </value>
            </param>
          </params>
          <reporter-output>
          </reporter-output>
        </test-method> <!-- initializeBrowser -->
        <test-method status="FAIL" signature="signUp(java.lang.String, java.lang.String, java.lang.String, java.lang.String, java.lang.String, java.lang.String)[pri:0, instance:com.atmecs.phptravels.tests.PhpTravels_signUp@50b494a6]" name="signUp" duration-ms="3642" started-at="2019-09-13T12:45:35Z" data-provider="testdata" finished-at="2019-09-13T12:45:39Z">
          <params>
            <param index="0">
              <value>
                <![CDATA[siva]]>
              </value>
            </param>
            <param index="1">
              <value>
                <![CDATA[mutyala]]>
              </value>
            </param>
            <param index="2">
              <value>
                <![CDATA[9989233795]]>
              </value>
            </param>
            <param index="3">
              <value>
                <![CDATA[msiva
@gmail.com]]>
              </value>
            </param>
            <param index="4">
              <value>
                <![CDATA[siva123]]>
              </value>
            </param>
            <param index="5">
              <value>
                <![CDATA[siva123]]>
              </value>
            </param>
          </params>
          <exception class="java.lang.NullPointerException">
            <full-stacktrace>
              <![CDATA[java.lang.NullPointerException
at com.atmecs.phptravels.pageactions.PageActions.clickElement(PageActions.java:18)
at com.atmecs.phptravels.validateprofile.Profile.fetchingProfileData(Profile.java:23)
at com.atmecs.phptravels.tests.PhpTravels_profile.fetchingProfileData(PhpTravels_profile.java:16)
at com.atmecs.phptravels.tests.PhpTravels_signUp.signUp(PhpTravels_signUp.java:53)
at sun.reflect.NativeMethodAccessorImpl.invoke0(Native Method)
at sun.reflect.NativeMethodAccessorImpl.invoke(NativeMethodAccessorImpl.java:62)
at sun.reflect.DelegatingMethodAccessorImpl.invoke(DelegatingMethodAccessorImpl.java:43)
at java.lang.reflect.Method.invoke(Method.java:498)
at org.testng.internal.MethodInvocationHelper.invokeMethod(MethodInvocationHelper.java:124)
at org.testng.internal.Invoker.invokeMethod(Invoker.java:583)
at org.testng.internal.Invoker.invokeTestMethod(Invoker.java:719)
at org.testng.internal.Invoker.invokeTestMethods(Invoker.java:989)
at org.testng.internal.TestMethodWorker.invokeTestMethods(TestMethodWorker.java:125)
at org.testng.internal.TestMethodWorker.run(TestMethodWorker.java:109)
at org.testng.TestRunner.privateRun(TestRunner.java:648)
at org.testng.TestRunner.run(TestRunner.java:505)
at org.testng.SuiteRunner.runTest(SuiteRunner.java:455)
at org.testng.SuiteRunner.access$000(SuiteRunner.java:40)
at org.testng.SuiteRunner$SuiteWorker.run(SuiteRunner.java:489)
at org.testng.internal.thread.ThreadUtil$1.call(ThreadUtil.java:52)
at java.util.concurrent.FutureTask.run(FutureTask.java:266)
at java.util.concurrent.ThreadPoolExecutor.runWorker(ThreadPoolExecutor.java:1149)
at java.util.concurrent.ThreadPoolExecutor$Worker.run(ThreadPoolExecutor.java:624)
at java.lang.Thread.run(Thread.java:748)
]]>
            </full-stacktrace>
          </exception> <!-- java.lang.NullPointerException -->
          <reporter-output>
          </reporter-output>
        </test-method> <!-- signUp -->
        <test-method status="PASS" signature="initializeBrowser(java.lang.String)[pri:0, instance:com.atmecs.phptravels.tests.PhpTravels_signUp@50b494a6]" name="initializeBrowser" is-config="true" duration-ms="11072" started-at="2019-09-13T12:45:39Z" finished-at="2019-09-13T12:45:50Z">
          <params>
            <param index="0">
              <value>
                <![CDATA[firefox]]>
              </value>
            </param>
          </params>
          <reporter-output>
          </reporter-output>
        </test-method> <!-- initializeBrowser -->
        <test-method status="FAIL" signature="signUp(java.lang.String, java.lang.String, java.lang.String, java.lang.String, java.lang.String, java.lang.String)[pri:0, instance:com.atmecs.phptravels.tests.PhpTravels_signUp@50b494a6]" name="signUp" duration-ms="3355" started-at="2019-09-13T12:45:50Z" data-provider="testdata" finished-at="2019-09-13T12:45:53Z">
          <params>
            <param index="0">
              <value>
                <![CDATA[suresh]]>
              </value>
            </param>
            <param index="1">
              <value>
                <![CDATA[mutyala]]>
              </value>
            </param>
            <param index="2">
              <value>
                <![CDATA[8099988910]]>
              </value>
            </param>
            <param index="3">
              <value>
                <![CDATA[msuresh
@gmail.com]]>
              </value>
            </param>
            <param index="4">
              <value>
                <![CDATA[suresh123]]>
              </value>
            </param>
            <param index="5">
              <value>
                <![CDATA[suresh123]]>
              </value>
            </param>
          </params>
          <exception class="java.lang.NullPointerException">
            <full-stacktrace>
              <![CDATA[java.lang.NullPointerException
at com.atmecs.phptravels.pageactions.PageActions.clickElement(PageActions.java:18)
at com.atmecs.phptravels.validateprofile.Profile.fetchingProfileData(Profile.java:23)
at com.atmecs.phptravels.tests.PhpTravels_profile.fetchingProfileData(PhpTravels_profile.java:16)
at com.atmecs.phptravels.tests.PhpTravels_signUp.signUp(PhpTravels_signUp.java:53)
at sun.reflect.NativeMethodAccessorImpl.invoke0(Native Method)
at sun.reflect.NativeMethodAccessorImpl.invoke(NativeMethodAccessorImpl.java:62)
at sun.reflect.DelegatingMethodAccessorImpl.invoke(DelegatingMethodAccessorImpl.java:43)
at java.lang.reflect.Method.invoke(Method.java:498)
at org.testng.internal.MethodInvocationHelper.invokeMethod(MethodInvocationHelper.java:124)
at org.testng.internal.Invoker.invokeMethod(Invoker.java:583)
at org.testng.internal.Invoker.invokeTestMethod(Invoker.java:719)
at org.testng.internal.Invoker.invokeTestMethods(Invoker.java:989)
at org.testng.internal.TestMethodWorker.invokeTestMethods(TestMethodWorker.java:125)
at org.testng.internal.TestMethodWorker.run(TestMethodWorker.java:109)
at org.testng.TestRunner.privateRun(TestRunner.java:648)
at org.testng.TestRunner.run(TestRunner.java:505)
at org.testng.SuiteRunner.runTest(SuiteRunner.java:455)
at org.testng.SuiteRunner.access$000(SuiteRunner.java:40)
at org.testng.SuiteRunner$SuiteWorker.run(SuiteRunner.java:489)
at org.testng.internal.thread.ThreadUtil$1.call(ThreadUtil.java:52)
at java.util.concurrent.FutureTask.run(FutureTask.java:266)
at java.util.concurrent.ThreadPoolExecutor.runWorker(ThreadPoolExecutor.java:1149)
at java.util.concurrent.ThreadPoolExecutor$Worker.run(ThreadPoolExecutor.java:624)
at java.lang.Thread.run(Thread.java:748)
]]>
            </full-stacktrace>
          </exception> <!-- java.lang.NullPointerException -->
          <reporter-output>
          </reporter-output>
        </test-method> <!-- signUp -->
        <test-method status="PASS" signature="initializeBrowser(java.lang.String)[pri:0, instance:com.atmecs.phptravels.tests.PhpTravels_signUp@50b494a6]" name="initializeBrowser" is-config="true" duration-ms="12696" started-at="2019-09-13T12:45:53Z" finished-at="2019-09-13T12:46:06Z">
          <params>
            <param index="0">
              <value>
                <![CDATA[firefox]]>
              </value>
            </param>
          </params>
          <reporter-output>
          </reporter-output>
        </test-method> <!-- initializeBrowser -->
        <test-method status="FAIL" signature="signUp(java.lang.String, java.lang.String, java.lang.String, java.lang.String, java.lang.String, java.lang.String)[pri:0, instance:com.atmecs.phptravels.tests.PhpTravels_signUp@50b494a6]" name="signUp" duration-ms="3265" started-at="2019-09-13T12:46:06Z" data-provider="testdata" finished-at="2019-09-13T12:46:09Z">
          <params>
            <param index="0">
              <value>
                <![CDATA[sampath]]>
              </value>
            </param>
            <param index="1">
              <value>
                <![CDATA[nallamilli]]>
              </value>
            </param>
            <param index="2">
              <value>
                <![CDATA[8985239999]]>
              </value>
            </param>
            <param index="3">
              <value>
                <![CDATA[nsampath
@gmail.com]]>
              </value>
            </param>
            <param index="4">
              <value>
                <![CDATA[sampath123]]>
              </value>
            </param>
            <param index="5">
              <value>
                <![CDATA[sampath123]]>
              </value>
            </param>
          </params>
          <exception class="java.lang.NullPointerException">
            <full-stacktrace>
              <![CDATA[java.lang.NullPointerException
at com.atmecs.phptravels.pageactions.PageActions.clickElement(PageActions.java:18)
at com.atmecs.phptravels.validateprofile.Profile.fetchingProfileData(Profile.java:23)
at com.atmecs.phptravels.tests.PhpTravels_profile.fetchingProfileData(PhpTravels_profile.java:16)
at com.atmecs.phptravels.tests.PhpTravels_signUp.signUp(PhpTravels_signUp.java:53)
at sun.reflect.NativeMethodAccessorImpl.invoke0(Native Method)
at sun.reflect.NativeMethodAccessorImpl.invoke(NativeMethodAccessorImpl.java:62)
at sun.reflect.DelegatingMethodAccessorImpl.invoke(DelegatingMethodAccessorImpl.java:43)
at java.lang.reflect.Method.invoke(Method.java:498)
at org.testng.internal.MethodInvocationHelper.invokeMethod(MethodInvocationHelper.java:124)
at org.testng.internal.Invoker.invokeMethod(Invoker.java:583)
at org.testng.internal.Invoker.invokeTestMethod(Invoker.java:719)
at org.testng.internal.Invoker.invokeTestMethods(Invoker.java:989)
at org.testng.internal.TestMethodWorker.invokeTestMethods(TestMethodWorker.java:125)
at org.testng.internal.TestMethodWorker.run(TestMethodWorker.java:109)
at org.testng.TestRunner.privateRun(TestRunner.java:648)
at org.testng.TestRunner.run(TestRunner.java:505)
at org.testng.SuiteRunner.runTest(SuiteRunner.java:455)
at org.testng.SuiteRunner.access$000(SuiteRunner.java:40)
at org.testng.SuiteRunner$SuiteWorker.run(SuiteRunner.java:489)
at org.testng.internal.thread.ThreadUtil$1.call(ThreadUtil.java:52)
at java.util.concurrent.FutureTask.run(FutureTask.java:266)
at java.util.concurrent.ThreadPoolExecutor.runWorker(ThreadPoolExecutor.java:1149)
at java.util.concurrent.ThreadPoolExecutor$Worker.run(ThreadPoolExecutor.java:624)
at java.lang.Thread.run(Thread.java:748)
]]>
            </full-stacktrace>
          </exception> <!-- java.lang.NullPointerException -->
          <reporter-output>
          </reporter-output>
        </test-method> <!-- signUp -->
        <test-method status="PASS" signature="initializeBrowser(java.lang.String)[pri:0, instance:com.atmecs.phptravels.tests.PhpTravels_signUp@50b494a6]" name="initializeBrowser" is-config="true" duration-ms="16064" started-at="2019-09-13T12:46:09Z" finished-at="2019-09-13T12:46:25Z">
          <params>
            <param index="0">
              <value>
                <![CDATA[firefox]]>
              </value>
            </param>
          </params>
          <reporter-output>
          </reporter-output>
        </test-method> <!-- initializeBrowser -->
        <test-method status="FAIL" signature="signUp(java.lang.String, java.lang.String, java.lang.String, java.lang.String, java.lang.String, java.lang.String)[pri:0, instance:com.atmecs.phptravels.tests.PhpTravels_signUp@50b494a6]" name="signUp" duration-ms="3182" started-at="2019-09-13T12:46:25Z" data-provider="testdata" finished-at="2019-09-13T12:46:28Z">
          <params>
            <param index="0">
              <value>
                <![CDATA[anvesh]]>
              </value>
            </param>
            <param index="1">
              <value>
                <![CDATA[chinthapalli]]>
              </value>
            </param>
            <param index="2">
              <value>
                <![CDATA[9502409445]]>
              </value>
            </param>
            <param index="3">
              <value>
                <![CDATA[anvesh
@gmail.com]]>
              </value>
            </param>
            <param index="4">
              <value>
                <![CDATA[anvesh123]]>
              </value>
            </param>
            <param index="5">
              <value>
                <![CDATA[anvesh123]]>
              </value>
            </param>
          </params>
          <exception class="java.lang.NullPointerException">
            <full-stacktrace>
              <![CDATA[java.lang.NullPointerException
at com.atmecs.phptravels.pageactions.PageActions.clickElement(PageActions.java:18)
at com.atmecs.phptravels.validateprofile.Profile.fetchingProfileData(Profile.java:23)
at com.atmecs.phptravels.tests.PhpTravels_profile.fetchingProfileData(PhpTravels_profile.java:16)
at com.atmecs.phptravels.tests.PhpTravels_signUp.signUp(PhpTravels_signUp.java:53)
at sun.reflect.NativeMethodAccessorImpl.invoke0(Native Method)
at sun.reflect.NativeMethodAccessorImpl.invoke(NativeMethodAccessorImpl.java:62)
at sun.reflect.DelegatingMethodAccessorImpl.invoke(DelegatingMethodAccessorImpl.java:43)
at java.lang.reflect.Method.invoke(Method.java:498)
at org.testng.internal.MethodInvocationHelper.invokeMethod(MethodInvocationHelper.java:124)
at org.testng.internal.Invoker.invokeMethod(Invoker.java:583)
at org.testng.internal.Invoker.invokeTestMethod(Invoker.java:719)
at org.testng.internal.Invoker.invokeTestMethods(Invoker.java:989)
at org.testng.internal.TestMethodWorker.invokeTestMethods(TestMethodWorker.java:125)
at org.testng.internal.TestMethodWorker.run(TestMethodWorker.java:109)
at org.testng.TestRunner.privateRun(TestRunner.java:648)
at org.testng.TestRunner.run(TestRunner.java:505)
at org.testng.SuiteRunner.runTest(SuiteRunner.java:455)
at org.testng.SuiteRunner.access$000(SuiteRunner.java:40)
at org.testng.SuiteRunner$SuiteWorker.run(SuiteRunner.java:489)
at org.testng.internal.thread.ThreadUtil$1.call(ThreadUtil.java:52)
at java.util.concurrent.FutureTask.run(FutureTask.java:266)
at java.util.concurrent.ThreadPoolExecutor.runWorker(ThreadPoolExecutor.java:1149)
at java.util.concurrent.ThreadPoolExecutor$Worker.run(ThreadPoolExecutor.java:624)
at java.lang.Thread.run(Thread.java:748)
]]>
            </full-stacktrace>
          </exception> <!-- java.lang.NullPointerException -->
          <reporter-output>
          </reporter-output>
        </test-method> <!-- signUp -->
        <test-method status="PASS" signature="initializeBrowser(java.lang.String)[pri:0, instance:com.atmecs.phptravels.tests.PhpTravels_signUp@50b494a6]" name="initializeBrowser" is-config="true" duration-ms="17910" started-at="2019-09-13T12:46:28Z" finished-at="2019-09-13T12:46:46Z">
          <params>
            <param index="0">
              <value>
                <![CDATA[firefox]]>
              </value>
            </param>
          </params>
          <reporter-output>
          </reporter-output>
        </test-method> <!-- initializeBrowser -->
        <test-method status="FAIL" signature="signUp(java.lang.String, java.lang.String, java.lang.String, java.lang.String, java.lang.String, java.lang.String)[pri:0, instance:com.atmecs.phptravels.tests.PhpTravels_signUp@50b494a6]" name="signUp" duration-ms="2867" started-at="2019-09-13T12:46:46Z" data-provider="testdata" finished-at="2019-09-13T12:46:49Z">
          <params>
            <param index="0">
              <value>
                <![CDATA[syam]]>
              </value>
            </param>
            <param index="1">
              <value>
                <![CDATA[nallamati]]>
              </value>
            </param>
            <param index="2">
              <value>
                <![CDATA[9885707999]]>
              </value>
            </param>
            <param index="3">
              <value>
                <![CDATA[syam
@gmail.com]]>
              </value>
            </param>
            <param index="4">
              <value>
                <![CDATA[syam123]]>
              </value>
            </param>
            <param index="5">
              <value>
                <![CDATA[syam123]]>
              </value>
            </param>
          </params>
          <exception class="java.lang.NullPointerException">
            <full-stacktrace>
              <![CDATA[java.lang.NullPointerException
at com.atmecs.phptravels.pageactions.PageActions.clickElement(PageActions.java:18)
at com.atmecs.phptravels.validateprofile.Profile.fetchingProfileData(Profile.java:23)
at com.atmecs.phptravels.tests.PhpTravels_profile.fetchingProfileData(PhpTravels_profile.java:16)
at com.atmecs.phptravels.tests.PhpTravels_signUp.signUp(PhpTravels_signUp.java:53)
at sun.reflect.NativeMethodAccessorImpl.invoke0(Native Method)
at sun.reflect.NativeMethodAccessorImpl.invoke(NativeMethodAccessorImpl.java:62)
at sun.reflect.DelegatingMethodAccessorImpl.invoke(DelegatingMethodAccessorImpl.java:43)
at java.lang.reflect.Method.invoke(Method.java:498)
at org.testng.internal.MethodInvocationHelper.invokeMethod(MethodInvocationHelper.java:124)
at org.testng.internal.Invoker.invokeMethod(Invoker.java:583)
at org.testng.internal.Invoker.invokeTestMethod(Invoker.java:719)
at org.testng.internal.Invoker.invokeTestMethods(Invoker.java:989)
at org.testng.internal.TestMethodWorker.invokeTestMethods(TestMethodWorker.java:125)
at org.testng.internal.TestMethodWorker.run(TestMethodWorker.java:109)
at org.testng.TestRunner.privateRun(TestRunner.java:648)
at org.testng.TestRunner.run(TestRunner.java:505)
at org.testng.SuiteRunner.runTest(SuiteRunner.java:455)
at org.testng.SuiteRunner.access$000(SuiteRunner.java:40)
at org.testng.SuiteRunner$SuiteWorker.run(SuiteRunner.java:489)
at org.testng.internal.thread.ThreadUtil$1.call(ThreadUtil.java:52)
at java.util.concurrent.FutureTask.run(FutureTask.java:266)
at java.util.concurrent.ThreadPoolExecutor.runWorker(ThreadPoolExecutor.java:1149)
at java.util.concurrent.ThreadPoolExecutor$Worker.run(ThreadPoolExecutor.java:624)
at java.lang.Thread.run(Thread.java:748)
]]>
            </full-stacktrace>
          </exception> <!-- java.lang.NullPointerException -->
          <reporter-output>
          </reporter-output>
        </test-method> <!-- signUp -->
      </class> <!-- com.atmecs.phptravels.tests.PhpTravels_signUp -->
    </test> <!-- Test2 -->
    <test name="Test1" duration-ms="115767" started-at="2019-09-13T12:45:20Z" finished-at="2019-09-13T12:47:15Z">
      <class name="com.atmecs.phptravels.tests.PhpTravels_signUp">
        <test-method status="PASS" signature="initializeBrowser(java.lang.String)[pri:0, instance:com.atmecs.phptravels.tests.PhpTravels_signUp@2b2948e2]" name="initializeBrowser" is-config="true" duration-ms="23927" started-at="2019-09-13T12:45:21Z" finished-at="2019-09-13T12:45:45Z">
          <params>
            <param index="0">
              <value>
                <![CDATA[chrome]]>
              </value>
            </param>
          </params>
          <reporter-output>
          </reporter-output>
        </test-method> <!-- initializeBrowser -->
        <test-method status="FAIL" signature="signUp(java.lang.String, java.lang.String, java.lang.String, java.lang.String, java.lang.String, java.lang.String)[pri:0, instance:com.atmecs.phptravels.tests.PhpTravels_signUp@2b2948e2]" name="signUp" duration-ms="6103" started-at="2019-09-13T12:45:45Z" data-provider="testdata" finished-at="2019-09-13T12:45:51Z">
          <params>
            <param index="0">
              <value>
                <![CDATA[siva]]>
              </value>
            </param>
            <param index="1">
              <value>
                <![CDATA[mutyala]]>
              </value>
            </param>
            <param index="2">
              <value>
                <![CDATA[9989233795]]>
              </value>
            </param>
            <param index="3">
              <value>
                <![CDATA[msiva
@gmail.com]]>
              </value>
            </param>
            <param index="4">
              <value>
                <![CDATA[siva123]]>
              </value>
            </param>
            <param index="5">
              <value>
                <![CDATA[siva123]]>
              </value>
            </param>
          </params>
          <exception class="java.lang.NullPointerException">
            <full-stacktrace>
              <![CDATA[java.lang.NullPointerException
at com.atmecs.phptravels.pageactions.PageActions.clickElement(PageActions.java:18)
at com.atmecs.phptravels.validateprofile.Profile.fetchingProfileData(Profile.java:23)
at com.atmecs.phptravels.tests.PhpTravels_profile.fetchingProfileData(PhpTravels_profile.java:16)
at com.atmecs.phptravels.tests.PhpTravels_signUp.signUp(PhpTravels_signUp.java:53)
at sun.reflect.NativeMethodAccessorImpl.invoke0(Native Method)
at sun.reflect.NativeMethodAccessorImpl.invoke(NativeMethodAccessorImpl.java:62)
at sun.reflect.DelegatingMethodAccessorImpl.invoke(DelegatingMethodAccessorImpl.java:43)
at java.lang.reflect.Method.invoke(Method.java:498)
at org.testng.internal.MethodInvocationHelper.invokeMethod(MethodInvocationHelper.java:124)
at org.testng.internal.Invoker.invokeMethod(Invoker.java:583)
at org.testng.internal.Invoker.invokeTestMethod(Invoker.java:719)
at org.testng.internal.Invoker.invokeTestMethods(Invoker.java:989)
at org.testng.internal.TestMethodWorker.invokeTestMethods(TestMethodWorker.java:125)
at org.testng.internal.TestMethodWorker.run(TestMethodWorker.java:109)
at org.testng.TestRunner.privateRun(TestRunner.java:648)
at org.testng.TestRunner.run(TestRunner.java:505)
at org.testng.SuiteRunner.runTest(SuiteRunner.java:455)
at org.testng.SuiteRunner.access$000(SuiteRunner.java:40)
at org.testng.SuiteRunner$SuiteWorker.run(SuiteRunner.java:489)
at org.testng.internal.thread.ThreadUtil$1.call(ThreadUtil.java:52)
at java.util.concurrent.FutureTask.run(FutureTask.java:266)
at java.util.concurrent.ThreadPoolExecutor.runWorker(ThreadPoolExecutor.java:1149)
at java.util.concurrent.ThreadPoolExecutor$Worker.run(ThreadPoolExecutor.java:624)
at java.lang.Thread.run(Thread.java:748)
]]>
            </full-stacktrace>
          </exception> <!-- java.lang.NullPointerException -->
          <reporter-output>
          </reporter-output>
        </test-method> <!-- signUp -->
        <test-method status="PASS" signature="initializeBrowser(java.lang.String)[pri:0, instance:com.atmecs.phptravels.tests.PhpTravels_signUp@2b2948e2]" name="initializeBrowser" is-config="true" duration-ms="15479" started-at="2019-09-13T12:45:51Z" finished-at="2019-09-13T12:46:06Z">
          <params>
            <param index="0">
              <value>
                <![CDATA[chrome]]>
              </value>
            </param>
          </params>
          <reporter-output>
          </reporter-output>
        </test-method> <!-- initializeBrowser -->
        <test-method status="FAIL" signature="signUp(java.lang.String, java.lang.String, java.lang.String, java.lang.String, java.lang.String, java.lang.String)[pri:0, instance:com.atmecs.phptravels.tests.PhpTravels_signUp@2b2948e2]" name="signUp" duration-ms="5283" started-at="2019-09-13T12:46:06Z" data-provider="testdata" finished-at="2019-09-13T12:46:11Z">
          <params>
            <param index="0">
              <value>
                <![CDATA[suresh]]>
              </value>
            </param>
            <param index="1">
              <value>
                <![CDATA[mutyala]]>
              </value>
            </param>
            <param index="2">
              <value>
                <![CDATA[8099988910]]>
              </value>
            </param>
            <param index="3">
              <value>
                <![CDATA[msuresh
@gmail.com]]>
              </value>
            </param>
            <param index="4">
              <value>
                <![CDATA[suresh123]]>
              </value>
            </param>
            <param index="5">
              <value>
                <![CDATA[suresh123]]>
              </value>
            </param>
          </params>
          <exception class="java.lang.NullPointerException">
            <full-stacktrace>
              <![CDATA[java.lang.NullPointerException
at com.atmecs.phptravels.pageactions.PageActions.clickElement(PageActions.java:18)
at com.atmecs.phptravels.validateprofile.Profile.fetchingProfileData(Profile.java:23)
at com.atmecs.phptravels.tests.PhpTravels_profile.fetchingProfileData(PhpTravels_profile.java:16)
at com.atmecs.phptravels.tests.PhpTravels_signUp.signUp(PhpTravels_signUp.java:53)
at sun.reflect.NativeMethodAccessorImpl.invoke0(Native Method)
at sun.reflect.NativeMethodAccessorImpl.invoke(NativeMethodAccessorImpl.java:62)
at sun.reflect.DelegatingMethodAccessorImpl.invoke(DelegatingMethodAccessorImpl.java:43)
at java.lang.reflect.Method.invoke(Method.java:498)
at org.testng.internal.MethodInvocationHelper.invokeMethod(MethodInvocationHelper.java:124)
at org.testng.internal.Invoker.invokeMethod(Invoker.java:583)
at org.testng.internal.Invoker.invokeTestMethod(Invoker.java:719)
at org.testng.internal.Invoker.invokeTestMethods(Invoker.java:989)
at org.testng.internal.TestMethodWorker.invokeTestMethods(TestMethodWorker.java:125)
at org.testng.internal.TestMethodWorker.run(TestMethodWorker.java:109)
at org.testng.TestRunner.privateRun(TestRunner.java:648)
at org.testng.TestRunner.run(TestRunner.java:505)
at org.testng.SuiteRunner.runTest(SuiteRunner.java:455)
at org.testng.SuiteRunner.access$000(SuiteRunner.java:40)
at org.testng.SuiteRunner$SuiteWorker.run(SuiteRunner.java:489)
at org.testng.internal.thread.ThreadUtil$1.call(ThreadUtil.java:52)
at java.util.concurrent.FutureTask.run(FutureTask.java:266)
at java.util.concurrent.ThreadPoolExecutor.runWorker(ThreadPoolExecutor.java:1149)
at java.util.concurrent.ThreadPoolExecutor$Worker.run(ThreadPoolExecutor.java:624)
at java.lang.Thread.run(Thread.java:748)
]]>
            </full-stacktrace>
          </exception> <!-- java.lang.NullPointerException -->
          <reporter-output>
          </reporter-output>
        </test-method> <!-- signUp -->
        <test-method status="PASS" signature="initializeBrowser(java.lang.String)[pri:0, instance:com.atmecs.phptravels.tests.PhpTravels_signUp@2b2948e2]" name="initializeBrowser" is-config="true" duration-ms="15439" started-at="2019-09-13T12:46:11Z" finished-at="2019-09-13T12:46:27Z">
          <params>
            <param index="0">
              <value>
                <![CDATA[chrome]]>
              </value>
            </param>
          </params>
          <reporter-output>
          </reporter-output>
        </test-method> <!-- initializeBrowser -->
        <test-method status="FAIL" signature="signUp(java.lang.String, java.lang.String, java.lang.String, java.lang.String, java.lang.String, java.lang.String)[pri:0, instance:com.atmecs.phptravels.tests.PhpTravels_signUp@2b2948e2]" name="signUp" duration-ms="5133" started-at="2019-09-13T12:46:27Z" data-provider="testdata" finished-at="2019-09-13T12:46:32Z">
          <params>
            <param index="0">
              <value>
                <![CDATA[sampath]]>
              </value>
            </param>
            <param index="1">
              <value>
                <![CDATA[nallamilli]]>
              </value>
            </param>
            <param index="2">
              <value>
                <![CDATA[8985239999]]>
              </value>
            </param>
            <param index="3">
              <value>
                <![CDATA[nsampath
@gmail.com]]>
              </value>
            </param>
            <param index="4">
              <value>
                <![CDATA[sampath123]]>
              </value>
            </param>
            <param index="5">
              <value>
                <![CDATA[sampath123]]>
              </value>
            </param>
          </params>
          <exception class="java.lang.NullPointerException">
            <full-stacktrace>
              <![CDATA[java.lang.NullPointerException
at com.atmecs.phptravels.pageactions.PageActions.clickElement(PageActions.java:18)
at com.atmecs.phptravels.validateprofile.Profile.fetchingProfileData(Profile.java:23)
at com.atmecs.phptravels.tests.PhpTravels_profile.fetchingProfileData(PhpTravels_profile.java:16)
at com.atmecs.phptravels.tests.PhpTravels_signUp.signUp(PhpTravels_signUp.java:53)
at sun.reflect.NativeMethodAccessorImpl.invoke0(Native Method)
at sun.reflect.NativeMethodAccessorImpl.invoke(NativeMethodAccessorImpl.java:62)
at sun.reflect.DelegatingMethodAccessorImpl.invoke(DelegatingMethodAccessorImpl.java:43)
at java.lang.reflect.Method.invoke(Method.java:498)
at org.testng.internal.MethodInvocationHelper.invokeMethod(MethodInvocationHelper.java:124)
at org.testng.internal.Invoker.invokeMethod(Invoker.java:583)
at org.testng.internal.Invoker.invokeTestMethod(Invoker.java:719)
at org.testng.internal.Invoker.invokeTestMethods(Invoker.java:989)
at org.testng.internal.TestMethodWorker.invokeTestMethods(TestMethodWorker.java:125)
at org.testng.internal.TestMethodWorker.run(TestMethodWorker.java:109)
at org.testng.TestRunner.privateRun(TestRunner.java:648)
at org.testng.TestRunner.run(TestRunner.java:505)
at org.testng.SuiteRunner.runTest(SuiteRunner.java:455)
at org.testng.SuiteRunner.access$000(SuiteRunner.java:40)
at org.testng.SuiteRunner$SuiteWorker.run(SuiteRunner.java:489)
at org.testng.internal.thread.ThreadUtil$1.call(ThreadUtil.java:52)
at java.util.concurrent.FutureTask.run(FutureTask.java:266)
at java.util.concurrent.ThreadPoolExecutor.runWorker(ThreadPoolExecutor.java:1149)
at java.util.concurrent.ThreadPoolExecutor$Worker.run(ThreadPoolExecutor.java:624)
at java.lang.Thread.run(Thread.java:748)
]]>
            </full-stacktrace>
          </exception> <!-- java.lang.NullPointerException -->
          <reporter-output>
          </reporter-output>
        </test-method> <!-- signUp -->
        <test-method status="PASS" signature="initializeBrowser(java.lang.String)[pri:0, instance:com.atmecs.phptravels.tests.PhpTravels_signUp@2b2948e2]" name="initializeBrowser" is-config="true" duration-ms="17626" started-at="2019-09-13T12:46:32Z" finished-at="2019-09-13T12:46:50Z">
          <params>
            <param index="0">
              <value>
                <![CDATA[chrome]]>
              </value>
            </param>
          </params>
          <reporter-output>
          </reporter-output>
        </test-method> <!-- initializeBrowser -->
        <test-method status="FAIL" signature="signUp(java.lang.String, java.lang.String, java.lang.String, java.lang.String, java.lang.String, java.lang.String)[pri:0, instance:com.atmecs.phptravels.tests.PhpTravels_signUp@2b2948e2]" name="signUp" duration-ms="3903" started-at="2019-09-13T12:46:50Z" data-provider="testdata" finished-at="2019-09-13T12:46:54Z">
          <params>
            <param index="0">
              <value>
                <![CDATA[anvesh]]>
              </value>
            </param>
            <param index="1">
              <value>
                <![CDATA[chinthapalli]]>
              </value>
            </param>
            <param index="2">
              <value>
                <![CDATA[9502409445]]>
              </value>
            </param>
            <param index="3">
              <value>
                <![CDATA[anvesh
@gmail.com]]>
              </value>
            </param>
            <param index="4">
              <value>
                <![CDATA[anvesh123]]>
              </value>
            </param>
            <param index="5">
              <value>
                <![CDATA[anvesh123]]>
              </value>
            </param>
          </params>
          <exception class="java.lang.NullPointerException">
            <full-stacktrace>
              <![CDATA[java.lang.NullPointerException
at com.atmecs.phptravels.pageactions.PageActions.clickElement(PageActions.java:18)
at com.atmecs.phptravels.validateprofile.Profile.fetchingProfileData(Profile.java:23)
at com.atmecs.phptravels.tests.PhpTravels_profile.fetchingProfileData(PhpTravels_profile.java:16)
at com.atmecs.phptravels.tests.PhpTravels_signUp.signUp(PhpTravels_signUp.java:53)
at sun.reflect.NativeMethodAccessorImpl.invoke0(Native Method)
at sun.reflect.NativeMethodAccessorImpl.invoke(NativeMethodAccessorImpl.java:62)
at sun.reflect.DelegatingMethodAccessorImpl.invoke(DelegatingMethodAccessorImpl.java:43)
at java.lang.reflect.Method.invoke(Method.java:498)
at org.testng.internal.MethodInvocationHelper.invokeMethod(MethodInvocationHelper.java:124)
at org.testng.internal.Invoker.invokeMethod(Invoker.java:583)
at org.testng.internal.Invoker.invokeTestMethod(Invoker.java:719)
at org.testng.internal.Invoker.invokeTestMethods(Invoker.java:989)
at org.testng.internal.TestMethodWorker.invokeTestMethods(TestMethodWorker.java:125)
at org.testng.internal.TestMethodWorker.run(TestMethodWorker.java:109)
at org.testng.TestRunner.privateRun(TestRunner.java:648)
at org.testng.TestRunner.run(TestRunner.java:505)
at org.testng.SuiteRunner.runTest(SuiteRunner.java:455)
at org.testng.SuiteRunner.access$000(SuiteRunner.java:40)
at org.testng.SuiteRunner$SuiteWorker.run(SuiteRunner.java:489)
at org.testng.internal.thread.ThreadUtil$1.call(ThreadUtil.java:52)
at java.util.concurrent.FutureTask.run(FutureTask.java:266)
at java.util.concurrent.ThreadPoolExecutor.runWorker(ThreadPoolExecutor.java:1149)
at java.util.concurrent.ThreadPoolExecutor$Worker.run(ThreadPoolExecutor.java:624)
at java.lang.Thread.run(Thread.java:748)
]]>
            </full-stacktrace>
          </exception> <!-- java.lang.NullPointerException -->
          <reporter-output>
          </reporter-output>
        </test-method> <!-- signUp -->
        <test-method status="PASS" signature="initializeBrowser(java.lang.String)[pri:0, instance:com.atmecs.phptravels.tests.PhpTravels_signUp@2b2948e2]" name="initializeBrowser" is-config="true" duration-ms="18844" started-at="2019-09-13T12:46:54Z" finished-at="2019-09-13T12:47:12Z">
          <params>
            <param index="0">
              <value>
                <![CDATA[chrome]]>
              </value>
            </param>
          </params>
          <reporter-output>
          </reporter-output>
        </test-method> <!-- initializeBrowser -->
        <test-method status="FAIL" signature="signUp(java.lang.String, java.lang.String, java.lang.String, java.lang.String, java.lang.String, java.lang.String)[pri:0, instance:com.atmecs.phptravels.tests.PhpTravels_signUp@2b2948e2]" name="signUp" duration-ms="3130" started-at="2019-09-13T12:47:12Z" data-provider="testdata" finished-at="2019-09-13T12:47:15Z">
          <params>
            <param index="0">
              <value>
                <![CDATA[syam]]>
              </value>
            </param>
            <param index="1">
              <value>
                <![CDATA[nallamati]]>
              </value>
            </param>
            <param index="2">
              <value>
                <![CDATA[9885707999]]>
              </value>
            </param>
            <param index="3">
              <value>
                <![CDATA[syam
@gmail.com]]>
              </value>
            </param>
            <param index="4">
              <value>
                <![CDATA[syam123]]>
              </value>
            </param>
            <param index="5">
              <value>
                <![CDATA[syam123]]>
              </value>
            </param>
          </params>
          <exception class="java.lang.NullPointerException">
            <full-stacktrace>
              <![CDATA[java.lang.NullPointerException
at com.atmecs.phptravels.pageactions.PageActions.clickElement(PageActions.java:18)
at com.atmecs.phptravels.validateprofile.Profile.fetchingProfileData(Profile.java:23)
at com.atmecs.phptravels.tests.PhpTravels_profile.fetchingProfileData(PhpTravels_profile.java:16)
at com.atmecs.phptravels.tests.PhpTravels_signUp.signUp(PhpTravels_signUp.java:53)
at sun.reflect.NativeMethodAccessorImpl.invoke0(Native Method)
at sun.reflect.NativeMethodAccessorImpl.invoke(NativeMethodAccessorImpl.java:62)
at sun.reflect.DelegatingMethodAccessorImpl.invoke(DelegatingMethodAccessorImpl.java:43)
at java.lang.reflect.Method.invoke(Method.java:498)
at org.testng.internal.MethodInvocationHelper.invokeMethod(MethodInvocationHelper.java:124)
at org.testng.internal.Invoker.invokeMethod(Invoker.java:583)
at org.testng.internal.Invoker.invokeTestMethod(Invoker.java:719)
at org.testng.internal.Invoker.invokeTestMethods(Invoker.java:989)
at org.testng.internal.TestMethodWorker.invokeTestMethods(TestMethodWorker.java:125)
at org.testng.internal.TestMethodWorker.run(TestMethodWorker.java:109)
at org.testng.TestRunner.privateRun(TestRunner.java:648)
at org.testng.TestRunner.run(TestRunner.java:505)
at org.testng.SuiteRunner.runTest(SuiteRunner.java:455)
at org.testng.SuiteRunner.access$000(SuiteRunner.java:40)
at org.testng.SuiteRunner$SuiteWorker.run(SuiteRunner.java:489)
at org.testng.internal.thread.ThreadUtil$1.call(ThreadUtil.java:52)
at java.util.concurrent.FutureTask.run(FutureTask.java:266)
at java.util.concurrent.ThreadPoolExecutor.runWorker(ThreadPoolExecutor.java:1149)
at java.util.concurrent.ThreadPoolExecutor$Worker.run(ThreadPoolExecutor.java:624)
at java.lang.Thread.run(Thread.java:748)
]]>
            </full-stacktrace>
          </exception> <!-- java.lang.NullPointerException -->
          <reporter-output>
          </reporter-output>
        </test-method> <!-- signUp -->
      </class> <!-- com.atmecs.phptravels.tests.PhpTravels_signUp -->
    </test> <!-- Test1 -->
  </suite> <!-- Test-class Suite -->
</testng-results>
